13:03:13.076 - serial connection with arduino left, lower arduino set
13:03:13.082 - serial connection with arduino right, upper arduino set
13:03:13.090 - arduinoReceive, readMessages started for arduino: 0
13:03:13.090 - arduinoReceive, readMessages started for arduino: 1
13:03:13.284 - request ready message from arduino 0
13:03:13.285 - request ready message from arduino 1
13:03:13.709 - <-I0 robotServos v1.50
13:03:13.716 - <-I1 robotServos v1.50
13:03:14.711 - ready message from arduino left, lower arduino received
13:03:14.712 - update skeletonGui {'type': 'arduinoUpdate', 'arduino': 0, 'connected': True}
13:03:14.715 - <-I0 request for !A0 received
13:03:14.720 - ready message from arduino right, upper arduino received
13:03:14.721 - update skeletonGui {'type': 'arduinoUpdate', 'arduino': 1, 'connected': True}
13:03:14.723 - <-I1 request for !A0 received
13:03:14.747 - send servo definitions to arduino 0 and set current position to last persisted position
13:03:14.788 - send servo definitions to arduino 1 and set current position to last persisted position
13:03:14.818 - head.rothead verbose set to True
13:03:14.819 - skeletonControl ready
13:03:14.819 - ---------------
13:03:15.319 - request all servos rest
13:03:15.322 - servoRequestQueue, request received: {'cmd': 'allServoRest'}
13:03:15.322 - all servos rest requested
13:03:15.326 - arduino send leftArm.rotate, arduino 0, degrees: 0, position: 90, duration: 1500
13:03:15.431 - arduino send leftArm.shoulder, arduino 0, degrees: 0, position: 90, duration: 1500
13:03:15.536 - arduino send leftArm.bicep, arduino 0, degrees: 0, position: 26, duration: 1500
13:03:15.640 - arduino send leftArm.omoplate, arduino 0, degrees: 0, position: 30, duration: 1500
13:03:15.744 - arduino send leftHand.thumb, arduino 0, degrees: 45, position: 90, duration: 1500
13:03:15.847 - arduino send leftHand.index, arduino 0, degrees: 55, position: 110, duration: 1500
13:03:15.951 - arduino send leftHand.majeure, arduino 0, degrees: 45, position: 75, duration: 1500
13:03:16.054 - arduino send leftHand.ringFinger, arduino 0, degrees: 45, position: 90, duration: 1500
13:03:16.158 - arduino send leftHand.pinky, arduino 0, degrees: 45, position: 68, duration: 1500
13:03:16.263 - arduino send leftHand.wrist, arduino 0, degrees: 0, position: 90, duration: 1500
13:03:16.366 - arduino send rightArm.bicep, arduino 1, degrees: 10, position: 32, duration: 1500
13:03:16.470 - arduino send rightArm.rotate, arduino 1, degrees: 0, position: 90, duration: 1500
13:03:16.574 - arduino send rightArm.shoulder, arduino 1, degrees: 0, position: 90, duration: 1500
13:03:16.677 - arduino send rightArm.omoplate, arduino 1, degrees: 0, position: 10, duration: 1500
13:03:16.780 - arduino send rightHand.thumb, arduino 1, degrees: 45, position: 90, duration: 1500
13:03:16.883 - arduino send rightHand.index, arduino 1, degrees: 55, position: 79, duration: 1500
13:03:16.986 - arduino send rightHand.majeure, arduino 1, degrees: 45, position: 90, duration: 1500
13:03:17.089 - arduino send rightHand.ringFinger, arduino 1, degrees: 45, position: 60, duration: 1500
13:03:17.193 - arduino send rightHand.pinky, arduino 1, degrees: 45, position: 100, duration: 1500
13:03:17.297 - arduino send rightHand.wrist, arduino 1, degrees: 0, position: 90, duration: 1500
13:03:17.401 - arduino send head.eyeX, arduino 0, degrees: 0, position: 80, duration: 1500
13:03:17.411 - <-I0 m31 powerUp, pin: 28, lastPosition: 92, inverted: 1
13:03:17.503 - arduino send head.eyeY, arduino 0, degrees: 0, position: 100, duration: 1500
13:03:17.710 - arduino send head.rothead, arduino 0, degrees: 0, position: 92, duration: 1500
13:03:17.722 - <-I0 request for move to current position, request ignored head.rothead
13:03:17.723 - servo update head.rothead, 9C,84,9D, arduino: 0, pin: 28, pos  92, assigned: True, moving False, attached True, autoDetach: True, verbose: True
13:03:17.729 - <-I0 head.rothead, m99 currentPos: 92.00, freeMemory: 90343
13:03:17.814 - arduino send head.neck, arduino 0, degrees: 0, position: 125, duration: 1500
13:03:19.261 - <-I0 m35, servo group powered off IN2-leftHand
13:03:19.812 - <-I1 m35, servo group powered off IN4-rightHand
13:03:21.962 - <-I0 m35, servo group powered off IN1-leftArm
13:03:22.224 - <-I0 servo head.rothead inMoveRequest cleared, autoDetachMs 3000 ms after arrived: 3001
13:03:22.225 - servo update head.rothead, 9C,84,9D, arduino: 0, pin: 28, pos  92, assigned: True, moving False, attached True, autoDetach: True, verbose: True
13:03:22.341 - <-I0 m35, servo group powered off IN5-head
13:03:22.344 - <-I0 m14 pin: 28, head.rothead detached
13:03:23.158 - servoRequestQueue, request received: {'cmd': 'startSwipe', 'servoName': 'rightHand.thumb'}
13:03:23.159 - startSwipe requested
13:03:23.163 - arduino send rightHand.thumb, arduino 1, degrees: 0, position: 0, duration: 450
13:03:23.224 - <-I1 m35, servo group powered off IN3-rightArm
13:03:24.124 - arduino send rightHand.thumb, arduino 1, degrees: 90, position: 180, duration: 900
13:03:25.944 - arduino send rightHand.thumb, arduino 1, degrees: 0, position: 0, duration: 900
13:03:27.762 - arduino send rightHand.thumb, arduino 1, degrees: 90, position: 180, duration: 900
13:03:29.585 - arduino send rightHand.thumb, arduino 1, degrees: 0, position: 0, duration: 900
13:03:31.404 - arduino send rightHand.thumb, arduino 1, degrees: 90, position: 180, duration: 900
13:03:31.922 - servoRequestQueue, request received: {'cmd': 'stopSwipe', 'servoName': 'rightHand.thumb'}
13:03:31.922 - stopSwipe requested
13:03:31.926 - arduino send rightHand.thumb, arduino 1, degrees: 45, position: 90, duration: 1500
13:03:35.964 - <-I1 m35, servo group powered off IN4-rightHand
13:03:42.016 - servoRequestQueue, request received: {'cmd': 'startSwipe', 'servoName': 'rightHand.thumb'}
13:03:42.016 - startSwipe requested
13:03:42.020 - arduino send rightHand.thumb, arduino 1, degrees: 0, position: 0, duration: 450
13:03:42.979 - arduino send rightHand.thumb, arduino 1, degrees: 90, position: 180, duration: 900
13:03:44.797 - arduino send rightHand.thumb, arduino 1, degrees: 0, position: 0, duration: 900
13:03:46.623 - arduino send rightHand.thumb, arduino 1, degrees: 90, position: 180, duration: 900
13:03:48.440 - arduino send rightHand.thumb, arduino 1, degrees: 0, position: 0, duration: 900
13:03:50.259 - arduino send rightHand.thumb, arduino 1, degrees: 90, position: 180, duration: 900
13:03:52.082 - arduino send rightHand.thumb, arduino 1, degrees: 0, position: 0, duration: 900
13:03:53.900 - arduino send rightHand.thumb, arduino 1, degrees: 90, position: 180, duration: 900
13:03:55.718 - arduino send rightHand.thumb, arduino 1, degrees: 0, position: 0, duration: 900
13:03:57.542 - arduino send rightHand.thumb, arduino 1, degrees: 90, position: 180, duration: 900
13:03:58.339 - servoRequestQueue, request received: {'cmd': 'stopSwipe', 'servoName': 'rightHand.thumb'}
13:03:58.339 - stopSwipe requested
13:03:58.343 - arduino send rightHand.thumb, arduino 1, degrees: 45, position: 90, duration: 1500
13:04:02.380 - <-I1 m35, servo group powered off IN4-rightHand
13:16:03.277 - servoRequestQueue, request received: {'cmd': 'startSwipe', 'servoName': 'rightHand.thumb'}
13:16:03.278 - startSwipe requested
13:16:03.283 - arduino send rightHand.thumb, arduino 1, degrees: 0, position: 0, duration: 450
13:16:04.243 - arduino send rightHand.thumb, arduino 1, degrees: 90, position: 180, duration: 900
13:16:06.062 - arduino send rightHand.thumb, arduino 1, degrees: 0, position: 0, duration: 900
13:16:07.880 - arduino send rightHand.thumb, arduino 1, degrees: 90, position: 180, duration: 900
13:16:07.957 - servoRequestQueue, request received: {'cmd': 'startSwipe', 'servoName': 'rightHand.index'}
13:16:07.958 - startSwipe requested
13:16:07.962 - arduino send rightHand.index, arduino 1, degrees: 35, position: 50, duration: 325
13:16:08.626 - arduino send rightHand.index, arduino 1, degrees: 125, position: 180, duration: 650
13:16:09.704 - arduino send rightHand.thumb, arduino 1, degrees: 0, position: 0, duration: 900
13:16:09.941 - arduino send rightHand.index, arduino 1, degrees: 35, position: 50, duration: 650
13:16:11.246 - arduino send rightHand.index, arduino 1, degrees: 125, position: 180, duration: 650
13:16:11.522 - arduino send rightHand.thumb, arduino 1, degrees: 90, position: 180, duration: 900
13:16:12.565 - arduino send rightHand.index, arduino 1, degrees: 35, position: 50, duration: 650
13:16:13.343 - arduino send rightHand.thumb, arduino 1, degrees: 0, position: 0, duration: 900
13:16:13.882 - arduino send rightHand.index, arduino 1, degrees: 125, position: 180, duration: 650
13:16:15.164 - arduino send rightHand.thumb, arduino 1, degrees: 90, position: 180, duration: 900
13:16:15.180 - arduino send rightHand.index, arduino 1, degrees: 35, position: 50, duration: 650
13:16:16.483 - arduino send rightHand.index, arduino 1, degrees: 125, position: 180, duration: 650
13:16:16.982 - arduino send rightHand.thumb, arduino 1, degrees: 0, position: 0, duration: 900
13:16:17.781 - arduino send rightHand.index, arduino 1, degrees: 35, position: 50, duration: 650
13:16:18.600 - servoRequestQueue, request received: {'cmd': 'stopSwipe', 'servoName': 'rightHand.thumb'}
13:16:18.601 - stopSwipe requested
13:16:18.605 - arduino send rightHand.thumb, arduino 1, degrees: 45, position: 90, duration: 1500
13:16:19.083 - arduino send rightHand.index, arduino 1, degrees: 125, position: 180, duration: 650
13:16:20.403 - arduino send rightHand.index, arduino 1, degrees: 35, position: 50, duration: 650
13:16:21.701 - arduino send rightHand.index, arduino 1, degrees: 125, position: 180, duration: 650
13:16:23.003 - arduino send rightHand.index, arduino 1, degrees: 35, position: 50, duration: 650
13:16:24.324 - arduino send rightHand.index, arduino 1, degrees: 125, position: 180, duration: 650
13:16:25.157 - servoRequestQueue, request received: {'cmd': 'stopSwipe', 'servoName': 'rightHand.index'}
13:16:25.158 - stopSwipe requested
13:16:25.161 - arduino send rightHand.index, arduino 1, degrees: 55, position: 79, duration: 1500
13:16:29.203 - <-I1 m35, servo group powered off IN4-rightHand
